<?xml version="1.0" encoding="UTF-8"?>
<!-- Generated by org.testng.reporters.JUnitXMLReporter -->
<testsuite hostname="Mahesh" ignored="0" name="Check User Role test case" tests="1" failures="1" timestamp="16 Aug 2020 04:43:35 GMT" time="0.145" errors="0">
  <testcase name="checkUserRole" time="0.137" classname="test_cases.Test_User_Role">
    <failure type="java.lang.NullPointerException">
      <![CDATA[java.lang.NullPointerException
at java.util.Objects.requireNonNull(Unknown Source)
at org.openqa.selenium.interactions.Actions.<init>(Actions.java:65)
at test_cases.Test_User_Role.moveToUsersPage(Test_User_Role.java:15)
at test_cases.Test_User_Role.checkUserRole(Test_User_Role.java:37)
... Removed 25 stack frames]]>
    </failure>
  </testcase> <!-- checkUserRole -->
</testsuite> <!-- Check User Role test case -->
