<?xml version="1.0" encoding="UTF-8"?>
<!-- Generated by org.testng.reporters.JUnitXMLReporter -->
<testsuite hostname="Mahesh" ignored="0" name="Pending Leave Request Test case" tests="1" failures="1" timestamp="16 Aug 2020 04:43:35 GMT" time="0.078" errors="0">
  <testcase name="verifyPendingLeaveRequests" time="0.031" classname="test_cases.Test_Pending_Leave_Request">
    <failure type="java.lang.NullPointerException">
      <![CDATA[java.lang.NullPointerException
at test_cases.Test_Pending_Leave_Request.login(Test_Pending_Leave_Request.java:17)
at test_cases.Test_Pending_Leave_Request.verifyPendingLeaveRequests(Test_Pending_Leave_Request.java:28)
... Removed 25 stack frames]]>
    </failure>
  </testcase> <!-- verifyPendingLeaveRequests -->
</testsuite> <!-- Pending Leave Request Test case -->
